<?xml version="1.0" encoding="UTF-8"?>
<!-- Generated by org.testng.reporters.JUnitReportReporter -->
<testsuite hostname="Likhitha" failures="0" tests="1" name="MainPageExecution.MainCode" time="1.010" errors="0" timestamp="2024-07-30T16:59:17 IST" skipped="0">
  <testcase classname="MainPageExecution.MainCode" name="ProductPage" time="1.010"/>
</testsuite> <!-- MainPageExecution.MainCode -->
