<?xml version="1.0" encoding="UTF-8"?>
<!-- Generated by org.testng.reporters.JUnitReportReporter -->
<testsuite hostname="Likhitha" failures="0" tests="3" name="SwagLabTC.HomePage" time="0.775" errors="0" timestamp="2024-07-30T14:48:14 IST" skipped="0">
  <testcase classname="SwagLabTC.HomePage" name="title" time="0.165"/>
  <testcase classname="SwagLabTC.HomePage" name="login" time="0.475"/>
  <testcase classname="SwagLabTC.HomePage" name="applogo" time="0.135"/>
</testsuite> <!-- SwagLabTC.HomePage -->
