<?xml version="1.0" encoding="UTF-8"?>
<!-- Generated by org.testng.reporters.JUnitReportReporter -->
<testsuite hostname="Likhitha" failures="0" tests="6" name="SwagLabTC.CrossBrowserTesting" time="18.401" errors="0" timestamp="2024-07-30T14:55:21 IST" skipped="0">
  <testcase classname="SwagLabTC.CrossBrowserTesting" name="launchBrowser" time="8.415"/>
  <testcase classname="SwagLabTC.CrossBrowserTesting" name="launchURL" time="0.647"/>
  <testcase classname="SwagLabTC.CrossBrowserTesting" name="launchBrowser" time="3.327"/>
  <testcase classname="SwagLabTC.CrossBrowserTesting" name="launchBrowser" time="4.559"/>
  <testcase classname="SwagLabTC.CrossBrowserTesting" name="launchURL" time="0.569"/>
  <testcase classname="SwagLabTC.CrossBrowserTesting" name="launchURL" time="0.884"/>
</testsuite> <!-- SwagLabTC.CrossBrowserTesting -->
